[0m16:10:42.792454 [debug] [MainThread]: Sending event: {'category': 'dbt', 'action': 'invocation', 'label': 'start', 'context': [<snowplow_tracker.self_describing_json.SelfDescribingJson object at 0x6fff09d20100>, <snowplow_tracker.self_describing_json.SelfDescribingJson object at 0x6fff0827da50>, <snowplow_tracker.self_describing_json.SelfDescribingJson object at 0x6fff0827d990>]}


============================== 16:10:42.832798 | c8aecb35-8101-4035-b1bc-4cbedb2ef750 ==============================
[0m16:10:42.832798 [info ] [MainThread]: Running with dbt=1.8.7
[0m16:10:42.840428 [debug] [MainThread]: running dbt with arguments {'printer_width': '80', 'indirect_selection': 'eager', 'log_cache_events': 'False', 'write_json': 'True', 'partial_parse': 'True', 'cache_selected_only': 'False', 'profiles_dir': '/root/.dbt', 'debug': 'False', 'warn_error': 'None', 'log_path': 'logs', 'fail_fast': 'False', 'version_check': 'True', 'use_colors': 'True', 'use_experimental_parser': 'False', 'empty': 'None', 'quiet': 'False', 'no_print': 'None', 'log_format': 'default', 'invocation_command': 'dbt debug', 'static_parser': 'True', 'introspect': 'True', 'target_path': 'None', 'warn_error_options': 'WarnErrorOptions(include=[], exclude=[])', 'send_anonymous_usage_stats': 'True'}
[0m16:10:42.894518 [info ] [MainThread]: dbt version: 1.8.7
[0m16:10:42.900031 [info ] [MainThread]: python version: 3.10.18
[0m16:10:42.904488 [info ] [MainThread]: python path: /usr/local/bin/python3.10
[0m16:10:42.909702 [info ] [MainThread]: os info: Linux-6.6.87.2-microsoft-standard-WSL2-x86_64-with-glibc2.36
[0m16:10:42.915102 [info ] [MainThread]: Using profiles dir at /root/.dbt
[0m16:10:42.919969 [info ] [MainThread]: Using profiles.yml file at /root/.dbt/profiles.yml
[0m16:10:42.924117 [info ] [MainThread]: Using dbt_project.yml file at /home/src/dbt_project.yml
[0m16:10:42.930397 [info ] [MainThread]: Configuration:
[0m16:10:42.935103 [info ] [MainThread]:   profiles.yml file [[31mERROR not found[0m]
[0m16:10:42.939642 [info ] [MainThread]:   dbt_project.yml file [[31mERROR not found[0m]
[0m16:10:42.944225 [info ] [MainThread]: Required dependencies:
[0m16:10:42.949342 [debug] [MainThread]: Executing "git --help"
[0m16:10:42.990742 [debug] [MainThread]: STDOUT: "b"usage: git [-v | --version] [-h | --help] [-C <path>] [-c <name>=<value>]\n           [--exec-path[=<path>]] [--html-path] [--man-path] [--info-path]\n           [-p | --paginate | -P | --no-pager] [--no-replace-objects] [--bare]\n           [--git-dir=<path>] [--work-tree=<path>] [--namespace=<name>]\n           [--super-prefix=<path>] [--config-env=<name>=<envvar>]\n           <command> [<args>]\n\nThese are common Git commands used in various situations:\n\nstart a working area (see also: git help tutorial)\n   clone     Clone a repository into a new directory\n   init      Create an empty Git repository or reinitialize an existing one\n\nwork on the current change (see also: git help everyday)\n   add       Add file contents to the index\n   mv        Move or rename a file, a directory, or a symlink\n   restore   Restore working tree files\n   rm        Remove files from the working tree and from the index\n\nexamine the history and state (see also: git help revisions)\n   bisect    Use binary search to find the commit that introduced a bug\n   diff      Show changes between commits, commit and working tree, etc\n   grep      Print lines matching a pattern\n   log       Show commit logs\n   show      Show various types of objects\n   status    Show the working tree status\n\ngrow, mark and tweak your common history\n   branch    List, create, or delete branches\n   commit    Record changes to the repository\n   merge     Join two or more development histories together\n   rebase    Reapply commits on top of another base tip\n   reset     Reset current HEAD to the specified state\n   switch    Switch branches\n   tag       Create, list, delete or verify a tag object signed with GPG\n\ncollaborate (see also: git help workflows)\n   fetch     Download objects and refs from another repository\n   pull      Fetch from and integrate with another repository or a local branch\n   push      Update remote refs along with associated objects\n\n'git help -a' and 'git help -g' list available subcommands and some\nconcept guides. See 'git help <command>' or 'git help <concept>'\nto read about a specific subcommand or concept.\nSee 'git help git' for an overview of the system.\n""
[0m16:10:42.995843 [debug] [MainThread]: STDERR: "b''"
[0m16:10:43.000395 [info ] [MainThread]:  - git [[32mOK found[0m]

[0m16:10:43.005326 [info ] [MainThread]: Connection test skipped since no profile was found
[0m16:10:43.010332 [info ] [MainThread]: [31m2 checks failed:[0m
[0m16:10:43.014947 [info ] [MainThread]: dbt looked for a profiles.yml file in /root/.dbt/profiles.yml, but did
not find one. For more information on configuring your profile, consult the
documentation:

https://docs.getdbt.com/docs/configure-your-profile


[0m16:10:43.019695 [info ] [MainThread]: Project loading failed for the following reason:
 project path </home/src/dbt_project.yml> not found

[0m16:10:43.028246 [debug] [MainThread]: Resource report: {"command_name": "debug", "command_wall_clock_time": 0.44918692, "process_user_time": 8.520633, "process_kernel_time": 1.039298, "process_mem_max_rss": "105140", "process_in_blocks": "40", "command_success": false, "process_out_blocks": "0"}
[0m16:10:43.033256 [debug] [MainThread]: Command `dbt debug` failed at 16:10:43.032820 after 0.45 seconds
[0m16:10:43.037735 [debug] [MainThread]: Sending event: {'category': 'dbt', 'action': 'invocation', 'label': 'end', 'context': [<snowplow_tracker.self_describing_json.SelfDescribingJson object at 0x6fff09d20100>, <snowplow_tracker.self_describing_json.SelfDescribingJson object at 0x6fff0827d990>, <snowplow_tracker.self_describing_json.SelfDescribingJson object at 0x6fff080d5570>]}
[0m16:10:43.042388 [debug] [MainThread]: Flushing usage events
[0m16:45:48.444716 [debug] [MainThread]: Sending event: {'category': 'dbt', 'action': 'invocation', 'label': 'start', 'context': [<snowplow_tracker.self_describing_json.SelfDescribingJson object at 0x764abab77850>, <snowplow_tracker.self_describing_json.SelfDescribingJson object at 0x764ab9114130>, <snowplow_tracker.self_describing_json.SelfDescribingJson object at 0x764ab9114040>]}


============================== 16:45:48.457313 | 3c9c845d-6dbc-4ed4-acaf-180ba0a7160f ==============================
[0m16:45:48.457313 [info ] [MainThread]: Running with dbt=1.8.7
[0m16:45:48.461616 [debug] [MainThread]: running dbt with arguments {'printer_width': '80', 'indirect_selection': 'eager', 'log_cache_events': 'False', 'write_json': 'True', 'partial_parse': 'True', 'cache_selected_only': 'False', 'profiles_dir': '/root/.dbt', 'fail_fast': 'False', 'version_check': 'True', 'log_path': 'logs', 'debug': 'False', 'warn_error': 'None', 'use_colors': 'True', 'use_experimental_parser': 'False', 'empty': 'None', 'quiet': 'False', 'no_print': 'None', 'log_format': 'default', 'static_parser': 'True', 'invocation_command': 'dbt debug', 'warn_error_options': 'WarnErrorOptions(include=[], exclude=[])', 'target_path': 'None', 'introspect': 'True', 'send_anonymous_usage_stats': 'True'}
[0m16:45:48.486841 [info ] [MainThread]: dbt version: 1.8.7
[0m16:45:48.490245 [info ] [MainThread]: python version: 3.10.18
[0m16:45:48.493838 [info ] [MainThread]: python path: /usr/local/bin/python3.10
[0m16:45:48.497432 [info ] [MainThread]: os info: Linux-6.6.87.2-microsoft-standard-WSL2-x86_64-with-glibc2.36
[0m16:45:48.501300 [error] [MainThread]: Encountered an error:
Runtime Error
  Syntax error near line 4
  ------------------------------
  1  | # https://docs.getdbt.com/docs/core/connect-data-platform/profiles.yml
  2  | 
  3  | PROFILE_NAME:  ny_scheduler             # <- reemplaza esto por el valor en dbt_project.yml: profile: '...'
  4  |   target: dev
  5  |   outputs:
  6  |     dev:
  7  |       type: postgres
  
  Raw Error:
  ------------------------------
  while parsing a block mapping
    in "<unicode string>", line 3, column 1
  did not find expected key
    in "<unicode string>", line 4, column 3
[0m16:45:48.507873 [debug] [MainThread]: Resource report: {"command_name": "debug", "command_wall_clock_time": 0.08625782, "process_user_time": 8.650385, "process_kernel_time": 0.713186, "process_mem_max_rss": "104196", "process_out_blocks": "8", "command_success": false, "process_in_blocks": "0"}
[0m16:45:48.512311 [debug] [MainThread]: Command `dbt debug` failed at 16:45:48.511621 after 0.09 seconds
[0m16:45:48.515937 [debug] [MainThread]: Sending event: {'category': 'dbt', 'action': 'invocation', 'label': 'end', 'context': [<snowplow_tracker.self_describing_json.SelfDescribingJson object at 0x764abab77850>, <snowplow_tracker.self_describing_json.SelfDescribingJson object at 0x764ab91ccb50>, <snowplow_tracker.self_describing_json.SelfDescribingJson object at 0x764ab91cca60>]}
[0m16:45:48.520011 [debug] [MainThread]: Flushing usage events
[0m16:56:45.736059 [debug] [MainThread]: Sending event: {'category': 'dbt', 'action': 'invocation', 'label': 'start', 'context': [<snowplow_tracker.self_describing_json.SelfDescribingJson object at 0x7b787dd536a0>, <snowplow_tracker.self_describing_json.SelfDescribingJson object at 0x7b787c2b4970>, <snowplow_tracker.self_describing_json.SelfDescribingJson object at 0x7b787c2b4a30>]}


============================== 16:56:45.758719 | f4c7591f-f759-4199-b7fc-ef43ec5c7fc7 ==============================
[0m16:56:45.758719 [info ] [MainThread]: Running with dbt=1.8.7
[0m16:56:45.769005 [debug] [MainThread]: running dbt with arguments {'printer_width': '80', 'indirect_selection': 'eager', 'log_cache_events': 'False', 'write_json': 'True', 'partial_parse': 'True', 'cache_selected_only': 'False', 'profiles_dir': '/root/.dbt', 'version_check': 'True', 'warn_error': 'None', 'log_path': 'logs', 'debug': 'False', 'fail_fast': 'False', 'use_colors': 'True', 'use_experimental_parser': 'False', 'no_print': 'None', 'quiet': 'False', 'empty': 'None', 'warn_error_options': 'WarnErrorOptions(include=[], exclude=[])', 'static_parser': 'True', 'log_format': 'default', 'invocation_command': 'dbt debug', 'target_path': 'None', 'introspect': 'True', 'send_anonymous_usage_stats': 'True'}
[0m16:56:45.811226 [info ] [MainThread]: dbt version: 1.8.7
[0m16:56:45.816619 [info ] [MainThread]: python version: 3.10.18
[0m16:56:45.820888 [info ] [MainThread]: python path: /usr/local/bin/python3.10
[0m16:56:45.825244 [info ] [MainThread]: os info: Linux-6.6.87.2-microsoft-standard-WSL2-x86_64-with-glibc2.36
[0m16:56:45.829955 [error] [MainThread]: Encountered an error:
Runtime Error
  Syntax error near line 4
  ------------------------------
  1  | # https://docs.getdbt.com/docs/core/connect-data-platform/profiles.yml
  2  | 
  3  | PROFILE_NAME:  ny_scheduler             # <- reemplaza esto por el valor en dbt_project.yml: profile: '...'
  4  |   target: dev
  5  |   outputs:
  6  |     dev:
  7  |       type: postgres
  
  Raw Error:
  ------------------------------
  while parsing a block mapping
    in "<unicode string>", line 3, column 1
  did not find expected key
    in "<unicode string>", line 4, column 3
[0m16:56:45.836610 [debug] [MainThread]: Resource report: {"command_name": "debug", "command_wall_clock_time": 0.13731202, "process_user_time": 8.40102, "process_kernel_time": 0.582288, "process_mem_max_rss": "104184", "command_success": false, "process_in_blocks": "0", "process_out_blocks": "0"}
[0m16:56:45.840616 [debug] [MainThread]: Command `dbt debug` failed at 16:56:45.840106 after 0.14 seconds
[0m16:56:45.844352 [debug] [MainThread]: Sending event: {'category': 'dbt', 'action': 'invocation', 'label': 'end', 'context': [<snowplow_tracker.self_describing_json.SelfDescribingJson object at 0x7b787dd536a0>, <snowplow_tracker.self_describing_json.SelfDescribingJson object at 0x7b787c16c9a0>, <snowplow_tracker.self_describing_json.SelfDescribingJson object at 0x7b787c16c8b0>]}
[0m16:56:45.850151 [debug] [MainThread]: Flushing usage events
[0m19:45:40.170175 [debug] [MainThread]: Sending event: {'category': 'dbt', 'action': 'invocation', 'label': 'start', 'context': [<snowplow_tracker.self_describing_json.SelfDescribingJson object at 0x7b90d5170e80>, <snowplow_tracker.self_describing_json.SelfDescribingJson object at 0x7b90d36da8f0>, <snowplow_tracker.self_describing_json.SelfDescribingJson object at 0x7b90d36da890>]}


============================== 19:45:40.177538 | 9c912889-2911-47e1-b8d5-dee1d305f04f ==============================
[0m19:45:40.177538 [info ] [MainThread]: Running with dbt=1.8.7
[0m19:45:40.179931 [debug] [MainThread]: running dbt with arguments {'printer_width': '80', 'indirect_selection': 'eager', 'write_json': 'True', 'log_cache_events': 'False', 'partial_parse': 'True', 'cache_selected_only': 'False', 'profiles_dir': '/root/.dbt', 'debug': 'False', 'warn_error': 'None', 'log_path': 'logs', 'version_check': 'True', 'fail_fast': 'False', 'use_colors': 'True', 'use_experimental_parser': 'False', 'no_print': 'None', 'quiet': 'False', 'empty': 'None', 'log_format': 'default', 'introspect': 'True', 'static_parser': 'True', 'warn_error_options': 'WarnErrorOptions(include=[], exclude=[])', 'target_path': 'None', 'invocation_command': 'dbt debug', 'send_anonymous_usage_stats': 'True'}
[0m19:45:40.212236 [info ] [MainThread]: dbt version: 1.8.7
[0m19:45:40.214432 [info ] [MainThread]: python version: 3.10.18
[0m19:45:40.216742 [info ] [MainThread]: python path: /usr/local/bin/python3.10
[0m19:45:40.219202 [info ] [MainThread]: os info: Linux-6.6.87.2-microsoft-standard-WSL2-x86_64-with-glibc2.36
[0m19:45:40.372166 [info ] [MainThread]: Using profiles dir at /root/.dbt
[0m19:45:40.374350 [info ] [MainThread]: Using profiles.yml file at /root/.dbt/profiles.yml
[0m19:45:40.376075 [info ] [MainThread]: Using dbt_project.yml file at /home/src/dbt_project.yml
[0m19:45:40.378865 [info ] [MainThread]: adapter type: postgres
[0m19:45:40.381050 [info ] [MainThread]: adapter version: 1.8.2
[0m19:45:40.383455 [info ] [MainThread]: Configuration:
[0m19:45:40.386334 [info ] [MainThread]:   profiles.yml file [[32mOK found and valid[0m]
[0m19:45:40.388402 [info ] [MainThread]:   dbt_project.yml file [[31mERROR not found[0m]
[0m19:45:40.390462 [info ] [MainThread]: Required dependencies:
[0m19:45:40.392565 [debug] [MainThread]: Executing "git --help"
[0m19:45:40.422264 [debug] [MainThread]: STDOUT: "b"usage: git [-v | --version] [-h | --help] [-C <path>] [-c <name>=<value>]\n           [--exec-path[=<path>]] [--html-path] [--man-path] [--info-path]\n           [-p | --paginate | -P | --no-pager] [--no-replace-objects] [--bare]\n           [--git-dir=<path>] [--work-tree=<path>] [--namespace=<name>]\n           [--super-prefix=<path>] [--config-env=<name>=<envvar>]\n           <command> [<args>]\n\nThese are common Git commands used in various situations:\n\nstart a working area (see also: git help tutorial)\n   clone     Clone a repository into a new directory\n   init      Create an empty Git repository or reinitialize an existing one\n\nwork on the current change (see also: git help everyday)\n   add       Add file contents to the index\n   mv        Move or rename a file, a directory, or a symlink\n   restore   Restore working tree files\n   rm        Remove files from the working tree and from the index\n\nexamine the history and state (see also: git help revisions)\n   bisect    Use binary search to find the commit that introduced a bug\n   diff      Show changes between commits, commit and working tree, etc\n   grep      Print lines matching a pattern\n   log       Show commit logs\n   show      Show various types of objects\n   status    Show the working tree status\n\ngrow, mark and tweak your common history\n   branch    List, create, or delete branches\n   commit    Record changes to the repository\n   merge     Join two or more development histories together\n   rebase    Reapply commits on top of another base tip\n   reset     Reset current HEAD to the specified state\n   switch    Switch branches\n   tag       Create, list, delete or verify a tag object signed with GPG\n\ncollaborate (see also: git help workflows)\n   fetch     Download objects and refs from another repository\n   pull      Fetch from and integrate with another repository or a local branch\n   push      Update remote refs along with associated objects\n\n'git help -a' and 'git help -g' list available subcommands and some\nconcept guides. See 'git help <command>' or 'git help <concept>'\nto read about a specific subcommand or concept.\nSee 'git help git' for an overview of the system.\n""
[0m19:45:40.426101 [debug] [MainThread]: STDERR: "b''"
[0m19:45:40.427953 [info ] [MainThread]:  - git [[32mOK found[0m]

[0m19:45:40.429870 [info ] [MainThread]: Connection:
[0m19:45:40.431638 [info ] [MainThread]:   host: postgres
[0m19:45:40.433602 [info ] [MainThread]:   port: 5432
[0m19:45:40.435937 [info ] [MainThread]:   user: ny_taxi_user
[0m19:45:40.437798 [info ] [MainThread]:   database: ny_taxi_raw
[0m19:45:40.439743 [info ] [MainThread]:   schema: clean
[0m19:45:40.441516 [info ] [MainThread]:   connect_timeout: 10
[0m19:45:40.443252 [info ] [MainThread]:   role: None
[0m19:45:40.445073 [info ] [MainThread]:   search_path: None
[0m19:45:40.446874 [info ] [MainThread]:   keepalives_idle: 0
[0m19:45:40.448946 [info ] [MainThread]:   sslmode: None
[0m19:45:40.450930 [info ] [MainThread]:   sslcert: None
[0m19:45:40.453472 [info ] [MainThread]:   sslkey: None
[0m19:45:40.455501 [info ] [MainThread]:   sslrootcert: None
[0m19:45:40.457453 [info ] [MainThread]:   application_name: dbt
[0m19:45:40.459314 [info ] [MainThread]:   retries: 1
[0m19:45:40.461596 [info ] [MainThread]: Registered adapter: postgres=1.8.2
[0m19:45:40.468574 [debug] [MainThread]: Acquiring new postgres connection 'debug'
[0m19:45:40.752504 [debug] [MainThread]: Using postgres connection "debug"
[0m19:45:40.754628 [debug] [MainThread]: On debug: select 1 as id
[0m19:45:40.756497 [debug] [MainThread]: Opening a new connection, currently in state init
[0m19:45:40.772634 [debug] [MainThread]: SQL status: SELECT 1 in 0.016 seconds
[0m19:45:40.777139 [debug] [MainThread]: On debug: Close
[0m19:45:40.778997 [info ] [MainThread]:   Connection test: [[32mOK connection ok[0m]

[0m19:45:40.781077 [info ] [MainThread]: [31m1 check failed:[0m
[0m19:45:40.783027 [info ] [MainThread]: Project loading failed for the following reason:
 project path </home/src/dbt_project.yml> not found

[0m19:45:40.789603 [debug] [MainThread]: Resource report: {"command_name": "debug", "command_wall_clock_time": 0.73078316, "process_user_time": 5.290795, "process_kernel_time": 0.649102, "process_mem_max_rss": "115592", "process_in_blocks": "52864", "command_success": false, "process_out_blocks": "0"}
[0m19:45:40.792228 [debug] [MainThread]: Command `dbt debug` failed at 19:45:40.791964 after 0.73 seconds
[0m19:45:40.793834 [debug] [MainThread]: Connection 'debug' was properly closed.
[0m19:45:40.795412 [debug] [MainThread]: Sending event: {'category': 'dbt', 'action': 'invocation', 'label': 'end', 'context': [<snowplow_tracker.self_describing_json.SelfDescribingJson object at 0x7b90d5170e80>, <snowplow_tracker.self_describing_json.SelfDescribingJson object at 0x7b90d3699f60>, <snowplow_tracker.self_describing_json.SelfDescribingJson object at 0x7b90d2a0ff70>]}
[0m19:45:40.797041 [debug] [MainThread]: Flushing usage events
